<component name="libraryTable">
  <library name="junit-4.13.2">
    <CLASSES>
      <root url="jar://$PROJECT_DIR$/lib/junit-4.13.2.jar!/" />
      <root url="jar://$PROJECT_DIR$/lib/jandex-2.1.3.Final.jar!/" />
      <root url="jar://$PROJECT_DIR$/lib/hibernate-commons-annotations-5.1.2.Final.jar!/" />
      <root url="jar://$PROJECT_DIR$/lib/byte-buddy-1.10.17.jar!/" />
      <root url="jar://$PROJECT_DIR$/lib/dom4j-2.1.3.jar!/" />
      <root url="jar://$PROJECT_DIR$/lib/hibernate-core-5.4.23.Final.jar!/" />
      <root url="jar://$PROJECT_DIR$/lib/classmate-1.5.1.jar!/" />
      <root url="jar://$PROJECT_DIR$/lib/javaee-web-api-8.0.1.jar!/" />
      <root url="jar://$PROJECT_DIR$/lib/jboss-logging-3.4.1.Final.jar!/" />
      <root url="jar://$PROJECT_DIR$/lib/javax.transaction-api-1.3.jar!/" />
      <root url="jar://$PROJECT_DIR$/lib/FastInfoset-1.2.15.jar!/" />
      <root url="jar://$PROJECT_DIR$/lib/javax.servlet.jsp.jstl-api-1.2.2.jar!/" />
      <root url="jar://$PROJECT_DIR$/lib/txw2-2.3.1.jar!/" />
      <root url="jar://$PROJECT_DIR$/lib/javax.el-api-3.0.1-b06.jar!/" />
      <root url="jar://$PROJECT_DIR$/lib/jaxb-api-2.3.1.jar!/" />
      <root url="jar://$PROJECT_DIR$/lib/javax.annotation-api-1.3.2.jar!/" />
      <root url="jar://$PROJECT_DIR$/lib/istack-commons-runtime-3.0.7.jar!/" />
      <root url="jar://$PROJECT_DIR$/lib/javax.json-api-1.1.4.jar!/" />
      <root url="jar://$PROJECT_DIR$/lib/javax.servlet-api-4.0.1.jar!/" />
      <root url="jar://$PROJECT_DIR$/lib/javax.security.auth.message-api-1.1.1.jar!/" />
      <root url="jar://$PROJECT_DIR$/lib/jboss-transaction-api_1.2_spec-1.1.1.Final.jar!/" />
      <root url="jar://$PROJECT_DIR$/lib/javax.ejb-api-3.2.2.jar!/" />
      <root url="jar://$PROJECT_DIR$/lib/stax-ex-1.8.jar!/" />
      <root url="jar://$PROJECT_DIR$/lib/jaxb-runtime-2.3.1.jar!/" />
      <root url="jar://$PROJECT_DIR$/lib/javassist-3.24.0-GA.jar!/" />
      <root url="jar://$PROJECT_DIR$/lib/javax.interceptor-api-1.2.2.jar!/" />
      <root url="jar://$PROJECT_DIR$/lib/javax.servlet.jsp-api-2.3.3.jar!/" />
      <root url="jar://$PROJECT_DIR$/lib/javax.json.bind-api-1.0.jar!/" />
      <root url="jar://$PROJECT_DIR$/lib/javax.ws.rs-api-2.1.jar!/" />
      <root url="jar://$PROJECT_DIR$/lib/validation-api-2.0.0.Final.jar!/" />
      <root url="jar://$PROJECT_DIR$/lib/cdi-api-2.0.jar!/" />
      <root url="jar://$PROJECT_DIR$/lib/javax.security.enterprise-api-1.0.jar!/" />
      <root url="jar://$PROJECT_DIR$/lib/javax.faces-2.3.2.jar!/" />
      <root url="jar://$PROJECT_DIR$/lib/javax.persistence-api-2.2.jar!/" />
      <root url="jar://$PROJECT_DIR$/lib/javax.activation-api-1.2.0.jar!/" />
      <root url="jar://$PROJECT_DIR$/lib/javax.faces-api-2.3.jar!/" />
      <root url="jar://$PROJECT_DIR$/lib/javax.persistence-2.2.0.jar!/" />
      <root url="jar://$PROJECT_DIR$/lib/javax.websocket-api-1.1.jar!/" />
      <root url="jar://$PROJECT_DIR$/lib/hamcrest-all-1.3.jar!/" />
      <root url="jar://$PROJECT_DIR$/lib/hamcrest-library-1.3.jar!/" />
      <root url="jar://$PROJECT_DIR$/lib/hamcrest-core-1.3.jar!/" />
      <root url="jar://$PROJECT_DIR$/lib/javax.inject-1.jar!/" />
      <root url="jar://$PROJECT_DIR$/lib/antlr-2.7.7.jar!/" />
    </CLASSES>
    <JAVADOC>
      <root url="jar://$PROJECT_DIR$/lib/junit-4.13.2-javadoc.jar!/" />
      <root url="jar://$PROJECT_DIR$/lib/hibernate-core-5.4.23.Final-javadoc.jar!/" />
      <root url="jar://$PROJECT_DIR$/lib/javaee-web-api-8.0.1-javadoc.jar!/" />
      <root url="jar://$PROJECT_DIR$/lib/hamcrest-all-1.3-javadoc.jar!/" />
    </JAVADOC>
    <SOURCES>
      <root url="jar://$PROJECT_DIR$/lib/junit-4.13.2-sources.jar!/" />
      <root url="jar://$PROJECT_DIR$/lib/hibernate-core-5.4.23.Final-sources.jar!/" />
      <root url="jar://$PROJECT_DIR$/lib/javaee-web-api-8.0.1-sources.jar!/" />
      <root url="jar://$PROJECT_DIR$/lib/hamcrest-all-1.3-sources.jar!/" />
    </SOURCES>
  </library>
</component>